<?xml version="1.0" encoding="UTF-8"?>
<!-- Generated by org.testng.reporters.JUnitReportReporter -->
<testsuite skipped="0" hostname="GAGAN-PC" name="com.greytip.employeeOnboarding.testCases.TC_LoginTest_001" tests="1" failures="0" timestamp="30 Aug 2019 09:40:43 GMT" time="8.636" errors="0">
  <testcase name="loginTest" time="8.636" classname="com.greytip.employeeOnboarding.testCases.TC_LoginTest_001"/>
</testsuite> <!-- com.greytip.employeeOnboarding.testCases.TC_LoginTest_001 -->
