<?xml version="1.0" encoding="UTF-8"?>
<!-- Generated by org.testng.reporters.JUnitReportReporter -->
<testsuite skipped="0" hostname="GAGAN-PC" name="com.greytip.employeeOnboarding.testCases.TC_AddEmployee_002" tests="1" failures="0" timestamp="30 Aug 2019 09:40:43 GMT" time="81.422" errors="0">
  <testcase name="AddEmployee" time="81.422" classname="com.greytip.employeeOnboarding.testCases.TC_AddEmployee_002"/>
</testsuite> <!-- com.greytip.employeeOnboarding.testCases.TC_AddEmployee_002 -->
