<?xml version="1.0" encoding="UTF-8"?>
<!-- Generated by org.testng.reporters.JUnitReportReporter -->
<testsuite skipped="0" hostname="GAGAN-PC" name="com.greytip.employeeOnboarding.testCases.TC_LoginTest_001" tests="1" failures="0" timestamp="19 Sep 2019 12:24:50 GMT" time="28.919" errors="0">
  <testcase name="loginTest" time="28.919" classname="com.greytip.employeeOnboarding.testCases.TC_LoginTest_001"/>
</testsuite> <!-- com.greytip.employeeOnboarding.testCases.TC_LoginTest_001 -->
